[ 2019-09-02T19:39:30+08:00 ][ info ] [ BEHAVIOR ] Run Closure @app_init [ RunTime:0.000129s ]
[ info ] [ LOG ] INIT File
[ 2019-09-02T19:39:30+08:00 ][ info ] [ CACHE ] INIT File
[ 2019-09-02T19:39:30+08:00 ][ info ] [ BEHAVIOR ] Run Closure @app_init [ RunTime:0.002706s ]
[ 2019-09-02T19:39:30+08:00 ][ info ] [ DB ] INIT mysql
[ 2019-09-02T19:39:30+08:00 ][ sql ] [ DB ] CONNECT:[ UseTime:0.001244s ] mysql:host=127.0.0.1;port=3306;dbname=oa_admin;charset=utf8
[ 2019-09-02T19:39:30+08:00 ][ sql ] [ SQL ] SHOW TABLE STATUS LIKE 'message' [ RunTime:0.001313s ]
[ 2019-09-02T19:39:30+08:00 ][ sql ] [ SQL ] SHOW TABLE STATUS LIKE 'oa_message' [ RunTime:0.001261s ]
[ 2019-09-02T19:39:30+08:00 ][ sql ] [ SQL ] SELECT * FROM `information_schema`.`columns` WHERE TABLE_SCHEMA = 'oa_admin' AND table_name = 'oa_message' ORDER BY ORDINAL_POSITION [ RunTime:0.001484s ]
[ 2019-09-02T19:39:31+08:00 ][ info ] [ BEHAVIOR ] Run Closure @app_init [ RunTime:0.000120s ]
[ info ] [ LOG ] INIT File
[ 2019-09-02T19:39:31+08:00 ][ info ] [ CACHE ] INIT File
[ 2019-09-02T19:39:31+08:00 ][ info ] [ BEHAVIOR ] Run Closure @app_init [ RunTime:0.002554s ]
[ 2019-09-02T19:39:31+08:00 ][ info ] [ DB ] INIT mysql
[ 2019-09-02T19:39:31+08:00 ][ info ] [ LANG ] D:\www\phpstudy_pro\WWW\oa_admin\application\admin\lang/zh-cn.php
[ 2019-09-02T19:39:31+08:00 ][ sql ] [ DB ] CONNECT:[ UseTime:0.011135s ] mysql:host=127.0.0.1;port=3306;dbname=oa_admin;charset=utf8
[ 2019-09-02T19:39:31+08:00 ][ sql ] [ SQL ] SHOW COLUMNS FROM `oa_auth_rule` [ RunTime:0.001626s ]
[ 2019-09-02T19:39:31+08:00 ][ sql ] [ SQL ] SELECT * FROM `oa_auth_rule` WHERE  `name` = 'message' LIMIT 1 [ RunTime:0.000449s ]
[ 2019-09-02T19:39:31+08:00 ][ sql ] [ SQL ] INSERT INTO `oa_auth_rule` (`pid` , `name` , `title` , `icon` , `remark` , `ismenu` , `status` , `createtime` , `updatetime`) VALUES (0 , 'message' , 'Message' , 'fa fa-circle-o' , '' , 1 , 'normal' , 1567424371 , 1567424371) [ RunTime:0.032544s ]
[ 2019-09-02T19:39:31+08:00 ][ sql ] [ SQL ] SELECT `id` FROM `oa_auth_rule` WHERE  `name` = 'message/index' LIMIT 1 [ RunTime:0.000530s ]
[ 2019-09-02T19:39:31+08:00 ][ sql ] [ SQL ] SELECT `id` FROM `oa_auth_rule` WHERE  `name` = 'message/recyclebin' LIMIT 1 [ RunTime:0.000221s ]
[ 2019-09-02T19:39:31+08:00 ][ sql ] [ SQL ] SELECT `id` FROM `oa_auth_rule` WHERE  `name` = 'message/add' LIMIT 1 [ RunTime:0.000369s ]
[ 2019-09-02T19:39:31+08:00 ][ sql ] [ SQL ] SELECT `id` FROM `oa_auth_rule` WHERE  `name` = 'message/edit' LIMIT 1 [ RunTime:0.000319s ]
[ 2019-09-02T19:39:31+08:00 ][ sql ] [ SQL ] SELECT `id` FROM `oa_auth_rule` WHERE  `name` = 'message/del' LIMIT 1 [ RunTime:0.000310s ]
[ 2019-09-02T19:39:31+08:00 ][ sql ] [ SQL ] SELECT `id` FROM `oa_auth_rule` WHERE  `name` = 'message/destroy' LIMIT 1 [ RunTime:0.000345s ]
[ 2019-09-02T19:39:31+08:00 ][ sql ] [ SQL ] SELECT `id` FROM `oa_auth_rule` WHERE  `name` = 'message/restore' LIMIT 1 [ RunTime:0.000280s ]
[ 2019-09-02T19:39:31+08:00 ][ sql ] [ SQL ] SELECT `id` FROM `oa_auth_rule` WHERE  `name` = 'message/multi' LIMIT 1 [ RunTime:0.000281s ]
[ 2019-09-02T19:39:31+08:00 ][ sql ] [ SQL ] INSERT INTO `oa_auth_rule` (`id` , `pid` , `name` , `icon` , `title` , `ismenu` , `status` , `createtime` , `updatetime`) VALUES (NULL , 137 , 'message/index' , 'fa fa-circle-o' , '查看' , 0 , 'normal' , 1567424371 , 1567424371) [ RunTime:0.000351s ]
[ 2019-09-02T19:39:31+08:00 ][ sql ] [ SQL ] INSERT INTO `oa_auth_rule` (`id` , `pid` , `name` , `icon` , `title` , `ismenu` , `status` , `createtime` , `updatetime`) VALUES (NULL , 137 , 'message/recyclebin' , 'fa fa-circle-o' , '回收站' , 0 , 'normal' , 1567424371 , 1567424371) [ RunTime:0.000311s ]
[ 2019-09-02T19:39:31+08:00 ][ sql ] [ SQL ] INSERT INTO `oa_auth_rule` (`id` , `pid` , `name` , `icon` , `title` , `ismenu` , `status` , `createtime` , `updatetime`) VALUES (NULL , 137 , 'message/add' , 'fa fa-circle-o' , '添加' , 0 , 'normal' , 1567424371 , 1567424371) [ RunTime:0.000295s ]
[ 2019-09-02T19:39:31+08:00 ][ sql ] [ SQL ] INSERT INTO `oa_auth_rule` (`id` , `pid` , `name` , `icon` , `title` , `ismenu` , `status` , `createtime` , `updatetime`) VALUES (NULL , 137 , 'message/edit' , 'fa fa-circle-o' , '编辑' , 0 , 'normal' , 1567424371 , 1567424371) [ RunTime:0.000542s ]
[ 2019-09-02T19:39:31+08:00 ][ sql ] [ SQL ] INSERT INTO `oa_auth_rule` (`id` , `pid` , `name` , `icon` , `title` , `ismenu` , `status` , `createtime` , `updatetime`) VALUES (NULL , 137 , 'message/del' , 'fa fa-circle-o' , '删除' , 0 , 'normal' , 1567424371 , 1567424371) [ RunTime:0.000280s ]
[ 2019-09-02T19:39:31+08:00 ][ sql ] [ SQL ] INSERT INTO `oa_auth_rule` (`id` , `pid` , `name` , `icon` , `title` , `ismenu` , `status` , `createtime` , `updatetime`) VALUES (NULL , 137 , 'message/destroy' , 'fa fa-circle-o' , '真实删除' , 0 , 'normal' , 1567424371 , 1567424371) [ RunTime:0.000244s ]
[ 2019-09-02T19:39:31+08:00 ][ sql ] [ SQL ] INSERT INTO `oa_auth_rule` (`id` , `pid` , `name` , `icon` , `title` , `ismenu` , `status` , `createtime` , `updatetime`) VALUES (NULL , 137 , 'message/restore' , 'fa fa-circle-o' , '还原' , 0 , 'normal' , 1567424371 , 1567424371) [ RunTime:0.000253s ]
[ 2019-09-02T19:39:31+08:00 ][ sql ] [ SQL ] INSERT INTO `oa_auth_rule` (`id` , `pid` , `name` , `icon` , `title` , `ismenu` , `status` , `createtime` , `updatetime`) VALUES (NULL , 137 , 'message/multi' , 'fa fa-circle-o' , '批量更新' , 0 , 'normal' , 1567424371 , 1567424371) [ RunTime:0.000279s ]
[ 2019-09-02T19:40:02+08:00 ][ info ] [ BEHAVIOR ] Run Closure @app_init [ RunTime:0.000163s ]
[ info ] [ LOG ] INIT File
[ 2019-09-02T19:40:02+08:00 ][ info ] [ CACHE ] INIT File
[ 2019-09-02T19:40:02+08:00 ][ info ] [ BEHAVIOR ] Run Closure @app_init [ RunTime:0.002456s ]
[ 2019-09-02T19:40:02+08:00 ][ info ] [ DB ] INIT mysql
[ 2019-09-02T19:40:02+08:00 ][ sql ] [ DB ] CONNECT:[ UseTime:0.001670s ] mysql:host=127.0.0.1;port=3306;dbname=oa_admin;charset=utf8
[ 2019-09-02T19:40:02+08:00 ][ sql ] [ SQL ] SHOW TABLE STATUS LIKE 'message' [ RunTime:0.001572s ]
[ 2019-09-02T19:40:02+08:00 ][ sql ] [ SQL ] SHOW TABLE STATUS LIKE 'oa_message' [ RunTime:0.001448s ]
[ 2019-09-02T19:40:10+08:00 ][ info ] [ BEHAVIOR ] Run Closure @app_init [ RunTime:0.000133s ]
[ info ] [ LOG ] INIT File
[ 2019-09-02T19:40:10+08:00 ][ info ] [ CACHE ] INIT File
[ 2019-09-02T19:40:10+08:00 ][ info ] [ BEHAVIOR ] Run Closure @app_init [ RunTime:0.002412s ]
[ 2019-09-02T19:40:10+08:00 ][ info ] [ DB ] INIT mysql
[ 2019-09-02T19:40:10+08:00 ][ sql ] [ DB ] CONNECT:[ UseTime:0.001313s ] mysql:host=127.0.0.1;port=3306;dbname=oa_admin;charset=utf8
[ 2019-09-02T19:40:10+08:00 ][ sql ] [ SQL ] SHOW TABLE STATUS LIKE 'message' [ RunTime:0.001261s ]
[ 2019-09-02T19:40:10+08:00 ][ sql ] [ SQL ] SHOW TABLE STATUS LIKE 'oa_message' [ RunTime:0.001291s ]
[ 2019-09-02T19:40:10+08:00 ][ sql ] [ SQL ] SELECT * FROM `information_schema`.`columns` WHERE TABLE_SCHEMA = 'oa_admin' AND table_name = 'oa_message' ORDER BY ORDINAL_POSITION [ RunTime:0.001772s ]
[ 2019-09-02T19:40:10+08:00 ][ info ] [ BEHAVIOR ] Run Closure @app_init [ RunTime:0.000120s ]
[ info ] [ LOG ] INIT File
[ 2019-09-02T19:40:10+08:00 ][ info ] [ CACHE ] INIT File
[ 2019-09-02T19:40:10+08:00 ][ info ] [ BEHAVIOR ] Run Closure @app_init [ RunTime:0.002813s ]
[ 2019-09-02T19:40:10+08:00 ][ info ] [ DB ] INIT mysql
[ 2019-09-02T19:40:10+08:00 ][ info ] [ LANG ] D:\www\phpstudy_pro\WWW\oa_admin\application\admin\lang/zh-cn.php
[ 2019-09-02T19:40:10+08:00 ][ sql ] [ DB ] CONNECT:[ UseTime:0.001324s ] mysql:host=127.0.0.1;port=3306;dbname=oa_admin;charset=utf8
[ 2019-09-02T19:40:10+08:00 ][ sql ] [ SQL ] SHOW COLUMNS FROM `oa_auth_rule` [ RunTime:0.001376s ]
[ 2019-09-02T19:40:10+08:00 ][ sql ] [ SQL ] SELECT * FROM `oa_auth_rule` WHERE  `name` = 'message' LIMIT 1 [ RunTime:0.000403s ]
[ 2019-09-02T19:40:10+08:00 ][ sql ] [ SQL ] SELECT `id` FROM `oa_auth_rule` WHERE  `name` = 'message/index' LIMIT 1 [ RunTime:0.000338s ]
[ 2019-09-02T19:40:10+08:00 ][ sql ] [ SQL ] SELECT `id` FROM `oa_auth_rule` WHERE  `name` = 'message/recyclebin' LIMIT 1 [ RunTime:0.000390s ]
[ 2019-09-02T19:40:10+08:00 ][ sql ] [ SQL ] SELECT `id` FROM `oa_auth_rule` WHERE  `name` = 'message/add' LIMIT 1 [ RunTime:0.000481s ]
[ 2019-09-02T19:40:10+08:00 ][ sql ] [ SQL ] SELECT `id` FROM `oa_auth_rule` WHERE  `name` = 'message/edit' LIMIT 1 [ RunTime:0.000432s ]
[ 2019-09-02T19:40:10+08:00 ][ sql ] [ SQL ] SELECT `id` FROM `oa_auth_rule` WHERE  `name` = 'message/del' LIMIT 1 [ RunTime:0.000342s ]
[ 2019-09-02T19:40:10+08:00 ][ sql ] [ SQL ] SELECT `id` FROM `oa_auth_rule` WHERE  `name` = 'message/destroy' LIMIT 1 [ RunTime:0.000284s ]
[ 2019-09-02T19:40:10+08:00 ][ sql ] [ SQL ] SELECT `id` FROM `oa_auth_rule` WHERE  `name` = 'message/restore' LIMIT 1 [ RunTime:0.000329s ]
[ 2019-09-02T19:40:10+08:00 ][ sql ] [ SQL ] SELECT `id` FROM `oa_auth_rule` WHERE  `name` = 'message/multi' LIMIT 1 [ RunTime:0.000285s ]
[ 2019-09-02T19:40:10+08:00 ][ sql ] [ SQL ] UPDATE `oa_auth_rule`  SET `pid`=137,`name`='message/index',`icon`='fa fa-circle-o',`title`='查看',`ismenu`=0,`status`='normal',`updatetime`=1567424410  WHERE  `id` = 138 [ RunTime:0.000368s ]
[ 2019-09-02T19:40:10+08:00 ][ sql ] [ SQL ] UPDATE `oa_auth_rule`  SET `pid`=137,`name`='message/recyclebin',`icon`='fa fa-circle-o',`title`='回收站',`ismenu`=0,`status`='normal',`updatetime`=1567424410  WHERE  `id` = 139 [ RunTime:0.000359s ]
[ 2019-09-02T19:40:10+08:00 ][ sql ] [ SQL ] UPDATE `oa_auth_rule`  SET `pid`=137,`name`='message/add',`icon`='fa fa-circle-o',`title`='添加',`ismenu`=0,`status`='normal',`updatetime`=1567424410  WHERE  `id` = 140 [ RunTime:0.000299s ]
[ 2019-09-02T19:40:10+08:00 ][ sql ] [ SQL ] UPDATE `oa_auth_rule`  SET `pid`=137,`name`='message/edit',`icon`='fa fa-circle-o',`title`='编辑',`ismenu`=0,`status`='normal',`updatetime`=1567424410  WHERE  `id` = 141 [ RunTime:0.000355s ]
[ 2019-09-02T19:40:10+08:00 ][ sql ] [ SQL ] UPDATE `oa_auth_rule`  SET `pid`=137,`name`='message/del',`icon`='fa fa-circle-o',`title`='删除',`ismenu`=0,`status`='normal',`updatetime`=1567424410  WHERE  `id` = 142 [ RunTime:0.000296s ]
[ 2019-09-02T19:40:10+08:00 ][ sql ] [ SQL ] UPDATE `oa_auth_rule`  SET `pid`=137,`name`='message/destroy',`icon`='fa fa-circle-o',`title`='真实删除',`ismenu`=0,`status`='normal',`updatetime`=1567424410  WHERE  `id` = 143 [ RunTime:0.000280s ]
[ 2019-09-02T19:40:10+08:00 ][ sql ] [ SQL ] UPDATE `oa_auth_rule`  SET `pid`=137,`name`='message/restore',`icon`='fa fa-circle-o',`title`='还原',`ismenu`=0,`status`='normal',`updatetime`=1567424410  WHERE  `id` = 144 [ RunTime:0.000336s ]
[ 2019-09-02T19:40:10+08:00 ][ sql ] [ SQL ] UPDATE `oa_auth_rule`  SET `pid`=137,`name`='message/multi',`icon`='fa fa-circle-o',`title`='批量更新',`ismenu`=0,`status`='normal',`updatetime`=1567424410  WHERE  `id` = 145 [ RunTime:0.000311s ]
[ 2019-09-02T19:40:47+08:00 ][ info ] [ BEHAVIOR ] Run Closure @app_init [ RunTime:0.000116s ]
[ info ] [ LOG ] INIT File
[ 2019-09-02T19:40:47+08:00 ][ info ] [ CACHE ] INIT File
[ 2019-09-02T19:40:47+08:00 ][ info ] [ BEHAVIOR ] Run Closure @app_init [ RunTime:0.002510s ]
[ 2019-09-02T19:40:47+08:00 ][ info ] [ DB ] INIT mysql
[ 2019-09-02T19:40:47+08:00 ][ sql ] [ DB ] CONNECT:[ UseTime:0.001370s ] mysql:host=127.0.0.1;port=3306;dbname=oa_admin;charset=utf8
[ 2019-09-02T19:40:47+08:00 ][ sql ] [ SQL ] SHOW TABLE STATUS LIKE 'message' [ RunTime:0.001268s ]
[ 2019-09-02T19:40:47+08:00 ][ sql ] [ SQL ] SHOW TABLE STATUS LIKE 'oa_message' [ RunTime:0.001285s ]
[ 2019-09-02T19:40:47+08:00 ][ sql ] [ SQL ] SELECT * FROM `information_schema`.`columns` WHERE TABLE_SCHEMA = 'oa_admin' AND table_name = 'oa_message' ORDER BY ORDINAL_POSITION [ RunTime:0.001407s ]
[ 2019-09-02T19:40:47+08:00 ][ info ] [ BEHAVIOR ] Run Closure @app_init [ RunTime:0.000124s ]
[ info ] [ LOG ] INIT File
[ 2019-09-02T19:40:47+08:00 ][ info ] [ CACHE ] INIT File
[ 2019-09-02T19:40:47+08:00 ][ info ] [ BEHAVIOR ] Run Closure @app_init [ RunTime:0.002908s ]
[ 2019-09-02T19:40:47+08:00 ][ info ] [ DB ] INIT mysql
[ 2019-09-02T19:40:47+08:00 ][ info ] [ LANG ] D:\www\phpstudy_pro\WWW\oa_admin\application\admin\lang/zh-cn.php
[ 2019-09-02T19:40:47+08:00 ][ sql ] [ DB ] CONNECT:[ UseTime:0.001240s ] mysql:host=127.0.0.1;port=3306;dbname=oa_admin;charset=utf8
[ 2019-09-02T19:40:47+08:00 ][ sql ] [ SQL ] SHOW COLUMNS FROM `oa_auth_rule` [ RunTime:0.001350s ]
[ 2019-09-02T19:40:47+08:00 ][ sql ] [ SQL ] SELECT * FROM `oa_auth_rule` WHERE  `name` = 'message' LIMIT 1 [ RunTime:0.000360s ]
[ 2019-09-02T19:40:47+08:00 ][ sql ] [ SQL ] SELECT `id` FROM `oa_auth_rule` WHERE  `name` = 'message/index' LIMIT 1 [ RunTime:0.000287s ]
[ 2019-09-02T19:40:47+08:00 ][ sql ] [ SQL ] SELECT `id` FROM `oa_auth_rule` WHERE  `name` = 'message/recyclebin' LIMIT 1 [ RunTime:0.000273s ]
[ 2019-09-02T19:40:47+08:00 ][ sql ] [ SQL ] SELECT `id` FROM `oa_auth_rule` WHERE  `name` = 'message/add' LIMIT 1 [ RunTime:0.000318s ]
[ 2019-09-02T19:40:47+08:00 ][ sql ] [ SQL ] SELECT `id` FROM `oa_auth_rule` WHERE  `name` = 'message/edit' LIMIT 1 [ RunTime:0.000274s ]
[ 2019-09-02T19:40:47+08:00 ][ sql ] [ SQL ] SELECT `id` FROM `oa_auth_rule` WHERE  `name` = 'message/del' LIMIT 1 [ RunTime:0.000268s ]
[ 2019-09-02T19:40:47+08:00 ][ sql ] [ SQL ] SELECT `id` FROM `oa_auth_rule` WHERE  `name` = 'message/destroy' LIMIT 1 [ RunTime:0.000273s ]
[ 2019-09-02T19:40:47+08:00 ][ sql ] [ SQL ] SELECT `id` FROM `oa_auth_rule` WHERE  `name` = 'message/restore' LIMIT 1 [ RunTime:0.000219s ]
[ 2019-09-02T19:40:47+08:00 ][ sql ] [ SQL ] SELECT `id` FROM `oa_auth_rule` WHERE  `name` = 'message/multi' LIMIT 1 [ RunTime:0.000225s ]
[ 2019-09-02T19:40:47+08:00 ][ sql ] [ SQL ] UPDATE `oa_auth_rule`  SET `pid`=137,`name`='message/index',`icon`='fa fa-circle-o',`title`='查看',`ismenu`=0,`status`='normal',`updatetime`=1567424447  WHERE  `id` = 138 [ RunTime:0.000343s ]
[ 2019-09-02T19:40:47+08:00 ][ sql ] [ SQL ] UPDATE `oa_auth_rule`  SET `pid`=137,`name`='message/recyclebin',`icon`='fa fa-circle-o',`title`='回收站',`ismenu`=0,`status`='normal',`updatetime`=1567424447  WHERE  `id` = 139 [ RunTime:0.000369s ]
[ 2019-09-02T19:40:47+08:00 ][ sql ] [ SQL ] UPDATE `oa_auth_rule`  SET `pid`=137,`name`='message/add',`icon`='fa fa-circle-o',`title`='添加',`ismenu`=0,`status`='normal',`updatetime`=1567424447  WHERE  `id` = 140 [ RunTime:0.000301s ]
[ 2019-09-02T19:40:47+08:00 ][ sql ] [ SQL ] UPDATE `oa_auth_rule`  SET `pid`=137,`name`='message/edit',`icon`='fa fa-circle-o',`title`='编辑',`ismenu`=0,`status`='normal',`updatetime`=1567424447  WHERE  `id` = 141 [ RunTime:0.000285s ]
[ 2019-09-02T19:40:47+08:00 ][ sql ] [ SQL ] UPDATE `oa_auth_rule`  SET `pid`=137,`name`='message/del',`icon`='fa fa-circle-o',`title`='删除',`ismenu`=0,`status`='normal',`updatetime`=1567424447  WHERE  `id` = 142 [ RunTime:0.000292s ]
[ 2019-09-02T19:40:47+08:00 ][ sql ] [ SQL ] UPDATE `oa_auth_rule`  SET `pid`=137,`name`='message/destroy',`icon`='fa fa-circle-o',`title`='真实删除',`ismenu`=0,`status`='normal',`updatetime`=1567424447  WHERE  `id` = 143 [ RunTime:0.000287s ]
[ 2019-09-02T19:40:47+08:00 ][ sql ] [ SQL ] UPDATE `oa_auth_rule`  SET `pid`=137,`name`='message/restore',`icon`='fa fa-circle-o',`title`='还原',`ismenu`=0,`status`='normal',`updatetime`=1567424447  WHERE  `id` = 144 [ RunTime:0.000284s ]
[ 2019-09-02T19:40:47+08:00 ][ sql ] [ SQL ] UPDATE `oa_auth_rule`  SET `pid`=137,`name`='message/multi',`icon`='fa fa-circle-o',`title`='批量更新',`ismenu`=0,`status`='normal',`updatetime`=1567424447  WHERE  `id` = 145 [ RunTime:0.000440s ]
[ 2019-09-02T19:43:07+08:00 ][ info ] [ BEHAVIOR ] Run Closure @app_init [ RunTime:0.000121s ]
[ info ] [ LOG ] INIT File
[ 2019-09-02T19:43:07+08:00 ][ info ] [ CACHE ] INIT File
[ 2019-09-02T19:43:07+08:00 ][ info ] [ BEHAVIOR ] Run Closure @app_init [ RunTime:0.003045s ]
[ 2019-09-02T19:43:07+08:00 ][ info ] [ DB ] INIT mysql
[ 2019-09-02T19:43:07+08:00 ][ sql ] [ DB ] CONNECT:[ UseTime:0.001299s ] mysql:host=127.0.0.1;port=3306;dbname=oa_admin;charset=utf8
[ 2019-09-02T19:43:07+08:00 ][ sql ] [ SQL ] SHOW TABLE STATUS LIKE 'message' [ RunTime:0.001270s ]
[ 2019-09-02T19:43:07+08:00 ][ sql ] [ SQL ] SHOW TABLE STATUS LIKE 'oa_message' [ RunTime:0.001618s ]
[ 2019-09-02T19:43:07+08:00 ][ sql ] [ SQL ] SELECT * FROM `information_schema`.`columns` WHERE TABLE_SCHEMA = 'oa_admin' AND table_name = 'oa_message' ORDER BY ORDINAL_POSITION [ RunTime:0.001404s ]
[ 2019-09-02T19:43:07+08:00 ][ info ] [ BEHAVIOR ] Run Closure @app_init [ RunTime:0.000132s ]
[ info ] [ LOG ] INIT File
[ 2019-09-02T19:43:07+08:00 ][ info ] [ CACHE ] INIT File
[ 2019-09-02T19:43:07+08:00 ][ info ] [ BEHAVIOR ] Run Closure @app_init [ RunTime:0.002696s ]
[ 2019-09-02T19:43:07+08:00 ][ info ] [ DB ] INIT mysql
[ 2019-09-02T19:43:07+08:00 ][ info ] [ LANG ] D:\www\phpstudy_pro\WWW\oa_admin\application\admin\lang/zh-cn.php
[ 2019-09-02T19:43:07+08:00 ][ sql ] [ DB ] CONNECT:[ UseTime:0.001185s ] mysql:host=127.0.0.1;port=3306;dbname=oa_admin;charset=utf8
[ 2019-09-02T19:43:07+08:00 ][ sql ] [ SQL ] SHOW COLUMNS FROM `oa_auth_rule` [ RunTime:0.001332s ]
[ 2019-09-02T19:43:07+08:00 ][ sql ] [ SQL ] SELECT * FROM `oa_auth_rule` WHERE  `name` = 'message' LIMIT 1 [ RunTime:0.000543s ]
[ 2019-09-02T19:43:07+08:00 ][ sql ] [ SQL ] SELECT `id` FROM `oa_auth_rule` WHERE  `name` = 'message/index' LIMIT 1 [ RunTime:0.000305s ]
[ 2019-09-02T19:43:07+08:00 ][ sql ] [ SQL ] SELECT `id` FROM `oa_auth_rule` WHERE  `name` = 'message/recyclebin' LIMIT 1 [ RunTime:0.000304s ]
[ 2019-09-02T19:43:07+08:00 ][ sql ] [ SQL ] SELECT `id` FROM `oa_auth_rule` WHERE  `name` = 'message/add' LIMIT 1 [ RunTime:0.000232s ]
[ 2019-09-02T19:43:07+08:00 ][ sql ] [ SQL ] SELECT `id` FROM `oa_auth_rule` WHERE  `name` = 'message/edit' LIMIT 1 [ RunTime:0.000237s ]
[ 2019-09-02T19:43:07+08:00 ][ sql ] [ SQL ] SELECT `id` FROM `oa_auth_rule` WHERE  `name` = 'message/del' LIMIT 1 [ RunTime:0.000263s ]
[ 2019-09-02T19:43:07+08:00 ][ sql ] [ SQL ] SELECT `id` FROM `oa_auth_rule` WHERE  `name` = 'message/destroy' LIMIT 1 [ RunTime:0.000232s ]
[ 2019-09-02T19:43:07+08:00 ][ sql ] [ SQL ] SELECT `id` FROM `oa_auth_rule` WHERE  `name` = 'message/restore' LIMIT 1 [ RunTime:0.000238s ]
[ 2019-09-02T19:43:07+08:00 ][ sql ] [ SQL ] SELECT `id` FROM `oa_auth_rule` WHERE  `name` = 'message/multi' LIMIT 1 [ RunTime:0.000286s ]
[ 2019-09-02T19:43:07+08:00 ][ sql ] [ SQL ] UPDATE `oa_auth_rule`  SET `pid`=137,`name`='message/index',`icon`='fa fa-circle-o',`title`='查看',`ismenu`=0,`status`='normal',`updatetime`=1567424587  WHERE  `id` = 138 [ RunTime:0.000401s ]
[ 2019-09-02T19:43:07+08:00 ][ sql ] [ SQL ] UPDATE `oa_auth_rule`  SET `pid`=137,`name`='message/recyclebin',`icon`='fa fa-circle-o',`title`='回收站',`ismenu`=0,`status`='normal',`updatetime`=1567424587  WHERE  `id` = 139 [ RunTime:0.000317s ]
[ 2019-09-02T19:43:07+08:00 ][ sql ] [ SQL ] UPDATE `oa_auth_rule`  SET `pid`=137,`name`='message/add',`icon`='fa fa-circle-o',`title`='添加',`ismenu`=0,`status`='normal',`updatetime`=1567424587  WHERE  `id` = 140 [ RunTime:0.000295s ]
[ 2019-09-02T19:43:07+08:00 ][ sql ] [ SQL ] UPDATE `oa_auth_rule`  SET `pid`=137,`name`='message/edit',`icon`='fa fa-circle-o',`title`='编辑',`ismenu`=0,`status`='normal',`updatetime`=1567424587  WHERE  `id` = 141 [ RunTime:0.000282s ]
[ 2019-09-02T19:43:07+08:00 ][ sql ] [ SQL ] UPDATE `oa_auth_rule`  SET `pid`=137,`name`='message/del',`icon`='fa fa-circle-o',`title`='删除',`ismenu`=0,`status`='normal',`updatetime`=1567424587  WHERE  `id` = 142 [ RunTime:0.000275s ]
[ 2019-09-02T19:43:07+08:00 ][ sql ] [ SQL ] UPDATE `oa_auth_rule`  SET `pid`=137,`name`='message/destroy',`icon`='fa fa-circle-o',`title`='真实删除',`ismenu`=0,`status`='normal',`updatetime`=1567424587  WHERE  `id` = 143 [ RunTime:0.000287s ]
[ 2019-09-02T19:43:07+08:00 ][ sql ] [ SQL ] UPDATE `oa_auth_rule`  SET `pid`=137,`name`='message/restore',`icon`='fa fa-circle-o',`title`='还原',`ismenu`=0,`status`='normal',`updatetime`=1567424587  WHERE  `id` = 144 [ RunTime:0.000299s ]
[ 2019-09-02T19:43:07+08:00 ][ sql ] [ SQL ] UPDATE `oa_auth_rule`  SET `pid`=137,`name`='message/multi',`icon`='fa fa-circle-o',`title`='批量更新',`ismenu`=0,`status`='normal',`updatetime`=1567424587  WHERE  `id` = 145 [ RunTime:0.000257s ]
