[ 2019-09-03T09:39:07+08:00 ][ info ] [ BEHAVIOR ] Run Closure @app_init [ RunTime:0.000141s ]
[ info ] [ LOG ] INIT File
[ 2019-09-03T09:39:07+08:00 ][ info ] [ CACHE ] INIT File
[ 2019-09-03T09:39:07+08:00 ][ info ] [ BEHAVIOR ] Run Closure @app_init [ RunTime:0.040002s ]
[ 2019-09-03T09:39:07+08:00 ][ info ] [ DB ] INIT mysql
[ 2019-09-03T09:39:07+08:00 ][ sql ] [ DB ] CONNECT:[ UseTime:0.001230s ] mysql:host=127.0.0.1;port=3306;dbname=oa_admin;charset=utf8
[ 2019-09-03T09:39:07+08:00 ][ sql ] [ SQL ] SHOW TABLE STATUS LIKE 'company_info' [ RunTime:0.002415s ]
[ 2019-09-03T09:39:07+08:00 ][ sql ] [ SQL ] SHOW TABLE STATUS LIKE 'oa_company_info' [ RunTime:0.001321s ]
[ 2019-09-03T09:39:07+08:00 ][ sql ] [ SQL ] SELECT * FROM `information_schema`.`columns` WHERE TABLE_SCHEMA = 'oa_admin' AND table_name = 'oa_company_info' ORDER BY ORDINAL_POSITION [ RunTime:0.001563s ]
[ 2019-09-03T09:39:08+08:00 ][ info ] [ BEHAVIOR ] Run Closure @app_init [ RunTime:0.000124s ]
[ info ] [ LOG ] INIT File
[ 2019-09-03T09:39:08+08:00 ][ info ] [ CACHE ] INIT File
[ 2019-09-03T09:39:08+08:00 ][ info ] [ BEHAVIOR ] Run Closure @app_init [ RunTime:0.002899s ]
[ 2019-09-03T09:39:08+08:00 ][ info ] [ DB ] INIT mysql
[ 2019-09-03T09:39:08+08:00 ][ info ] [ LANG ] D:\www\phpstudy_pro\WWW\oa_admin\application\admin\lang/zh-cn.php
[ 2019-09-03T09:39:08+08:00 ][ sql ] [ DB ] CONNECT:[ UseTime:0.001490s ] mysql:host=127.0.0.1;port=3306;dbname=oa_admin;charset=utf8
[ 2019-09-03T09:39:08+08:00 ][ sql ] [ SQL ] SHOW COLUMNS FROM `oa_auth_rule` [ RunTime:0.001626s ]
[ 2019-09-03T09:39:08+08:00 ][ sql ] [ SQL ] SELECT * FROM `oa_auth_rule` WHERE  `name` = 'company_info' LIMIT 1 [ RunTime:0.000482s ]
[ 2019-09-03T09:39:08+08:00 ][ sql ] [ SQL ] INSERT INTO `oa_auth_rule` (`pid` , `name` , `title` , `icon` , `remark` , `ismenu` , `status` , `createtime` , `updatetime`) VALUES (0 , 'company_info' , '公司信息管理' , 'fa fa-circle-o' , '' , 1 , 'normal' , 1567474748 , 1567474748) [ RunTime:0.112673s ]
[ 2019-09-03T09:39:08+08:00 ][ sql ] [ SQL ] SELECT `id` FROM `oa_auth_rule` WHERE  `name` = 'company_info/index' LIMIT 1 [ RunTime:0.000393s ]
[ 2019-09-03T09:39:08+08:00 ][ sql ] [ SQL ] SELECT `id` FROM `oa_auth_rule` WHERE  `name` = 'company_info/add' LIMIT 1 [ RunTime:0.000423s ]
[ 2019-09-03T09:39:08+08:00 ][ sql ] [ SQL ] SELECT `id` FROM `oa_auth_rule` WHERE  `name` = 'company_info/edit' LIMIT 1 [ RunTime:0.000367s ]
[ 2019-09-03T09:39:08+08:00 ][ sql ] [ SQL ] SELECT `id` FROM `oa_auth_rule` WHERE  `name` = 'company_info/del' LIMIT 1 [ RunTime:0.000330s ]
[ 2019-09-03T09:39:08+08:00 ][ sql ] [ SQL ] SELECT `id` FROM `oa_auth_rule` WHERE  `name` = 'company_info/multi' LIMIT 1 [ RunTime:0.000315s ]
[ 2019-09-03T09:39:08+08:00 ][ sql ] [ SQL ] INSERT INTO `oa_auth_rule` (`id` , `pid` , `name` , `icon` , `title` , `ismenu` , `status` , `createtime` , `updatetime`) VALUES (NULL , 146 , 'company_info/index' , 'fa fa-circle-o' , '查看' , 0 , 'normal' , 1567474748 , 1567474748) [ RunTime:0.000394s ]
[ 2019-09-03T09:39:08+08:00 ][ sql ] [ SQL ] INSERT INTO `oa_auth_rule` (`id` , `pid` , `name` , `icon` , `title` , `ismenu` , `status` , `createtime` , `updatetime`) VALUES (NULL , 146 , 'company_info/add' , 'fa fa-circle-o' , '添加' , 0 , 'normal' , 1567474748 , 1567474748) [ RunTime:0.000443s ]
[ 2019-09-03T09:39:08+08:00 ][ sql ] [ SQL ] INSERT INTO `oa_auth_rule` (`id` , `pid` , `name` , `icon` , `title` , `ismenu` , `status` , `createtime` , `updatetime`) VALUES (NULL , 146 , 'company_info/edit' , 'fa fa-circle-o' , '编辑' , 0 , 'normal' , 1567474748 , 1567474748) [ RunTime:0.000309s ]
[ 2019-09-03T09:39:08+08:00 ][ sql ] [ SQL ] INSERT INTO `oa_auth_rule` (`id` , `pid` , `name` , `icon` , `title` , `ismenu` , `status` , `createtime` , `updatetime`) VALUES (NULL , 146 , 'company_info/del' , 'fa fa-circle-o' , '删除' , 0 , 'normal' , 1567474748 , 1567474748) [ RunTime:0.000438s ]
[ 2019-09-03T09:39:08+08:00 ][ sql ] [ SQL ] INSERT INTO `oa_auth_rule` (`id` , `pid` , `name` , `icon` , `title` , `ismenu` , `status` , `createtime` , `updatetime`) VALUES (NULL , 146 , 'company_info/multi' , 'fa fa-circle-o' , '批量更新' , 0 , 'normal' , 1567474748 , 1567474748) [ RunTime:0.000367s ]
