[ 2019-08-31T18:09:06+08:00 ][ info ] [ BEHAVIOR ] Run Closure @app_init [ RunTime:0.000126s ]
[ info ] [ LOG ] INIT File
[ 2019-08-31T18:09:06+08:00 ][ info ] [ CACHE ] INIT File
[ 2019-08-31T18:09:06+08:00 ][ info ] [ BEHAVIOR ] Run Closure @app_init [ RunTime:0.003195s ]
[ 2019-08-31T18:09:06+08:00 ][ info ] [ DB ] INIT mysql
[ 2019-08-31T18:09:06+08:00 ][ sql ] [ DB ] CONNECT:[ UseTime:0.001295s ] mysql:host=127.0.0.1;port=3306;dbname=oa_admin;charset=utf8
[ 2019-08-31T18:09:06+08:00 ][ sql ] [ SQL ] SHOW TABLE STATUS LIKE 'apply' [ RunTime:0.001376s ]
[ 2019-08-31T18:09:06+08:00 ][ sql ] [ SQL ] SHOW TABLE STATUS LIKE 'oa_apply' [ RunTime:0.001286s ]
[ 2019-08-31T18:09:06+08:00 ][ sql ] [ SQL ] SELECT * FROM `information_schema`.`columns` WHERE TABLE_SCHEMA = 'oa_admin' AND table_name = 'oa_apply' ORDER BY ORDINAL_POSITION [ RunTime:0.001644s ]
[ 2019-08-31T18:09:06+08:00 ][ info ] [ BEHAVIOR ] Run Closure @app_init [ RunTime:0.000263s ]
[ info ] [ LOG ] INIT File
[ 2019-08-31T18:09:06+08:00 ][ info ] [ CACHE ] INIT File
[ 2019-08-31T18:09:06+08:00 ][ info ] [ BEHAVIOR ] Run Closure @app_init [ RunTime:0.003825s ]
[ 2019-08-31T18:09:06+08:00 ][ info ] [ DB ] INIT mysql
[ 2019-08-31T18:09:06+08:00 ][ info ] [ LANG ] D:\www\phpstudy_pro\WWW\oa_admin\application\admin\lang/zh-cn.php
[ 2019-08-31T18:09:06+08:00 ][ sql ] [ DB ] CONNECT:[ UseTime:0.001269s ] mysql:host=127.0.0.1;port=3306;dbname=oa_admin;charset=utf8
[ 2019-08-31T18:09:06+08:00 ][ sql ] [ SQL ] SHOW COLUMNS FROM `oa_auth_rule` [ RunTime:0.001336s ]
[ 2019-08-31T18:09:06+08:00 ][ sql ] [ SQL ] SELECT * FROM `oa_auth_rule` WHERE  `name` = 'apply' LIMIT 1 [ RunTime:0.000382s ]
[ 2019-08-31T18:09:06+08:00 ][ sql ] [ SQL ] SELECT `id` FROM `oa_auth_rule` WHERE  `name` = 'apply/index' LIMIT 1 [ RunTime:0.000330s ]
[ 2019-08-31T18:09:06+08:00 ][ sql ] [ SQL ] SELECT `id` FROM `oa_auth_rule` WHERE  `name` = 'apply/add' LIMIT 1 [ RunTime:0.000308s ]
[ 2019-08-31T18:09:06+08:00 ][ sql ] [ SQL ] SELECT `id` FROM `oa_auth_rule` WHERE  `name` = 'apply/edit' LIMIT 1 [ RunTime:0.000323s ]
[ 2019-08-31T18:09:06+08:00 ][ sql ] [ SQL ] SELECT `id` FROM `oa_auth_rule` WHERE  `name` = 'apply/del' LIMIT 1 [ RunTime:0.000294s ]
[ 2019-08-31T18:09:06+08:00 ][ sql ] [ SQL ] SELECT `id` FROM `oa_auth_rule` WHERE  `name` = 'apply/multi' LIMIT 1 [ RunTime:0.000272s ]
[ 2019-08-31T18:09:06+08:00 ][ sql ] [ SQL ] UPDATE `oa_auth_rule`  SET `pid`=131,`name`='apply/index',`icon`='fa fa-circle-o',`title`='查看',`ismenu`=0,`status`='normal',`updatetime`=1567246146  WHERE  `id` = 132 [ RunTime:0.000340s ]
[ 2019-08-31T18:09:06+08:00 ][ sql ] [ SQL ] UPDATE `oa_auth_rule`  SET `pid`=131,`name`='apply/add',`icon`='fa fa-circle-o',`title`='添加',`ismenu`=0,`status`='normal',`updatetime`=1567246146  WHERE  `id` = 133 [ RunTime:0.000353s ]
[ 2019-08-31T18:09:06+08:00 ][ sql ] [ SQL ] UPDATE `oa_auth_rule`  SET `pid`=131,`name`='apply/edit',`icon`='fa fa-circle-o',`title`='编辑',`ismenu`=0,`status`='normal',`updatetime`=1567246146  WHERE  `id` = 134 [ RunTime:0.000424s ]
[ 2019-08-31T18:09:06+08:00 ][ sql ] [ SQL ] UPDATE `oa_auth_rule`  SET `pid`=131,`name`='apply/del',`icon`='fa fa-circle-o',`title`='删除',`ismenu`=0,`status`='normal',`updatetime`=1567246146  WHERE  `id` = 135 [ RunTime:0.000341s ]
[ 2019-08-31T18:09:06+08:00 ][ sql ] [ SQL ] UPDATE `oa_auth_rule`  SET `pid`=131,`name`='apply/multi',`icon`='fa fa-circle-o',`title`='批量更新',`ismenu`=0,`status`='normal',`updatetime`=1567246146  WHERE  `id` = 136 [ RunTime:0.000333s ]
[ 2019-08-31T18:09:55+08:00 ][ info ] [ BEHAVIOR ] Run Closure @app_init [ RunTime:0.000121s ]
[ info ] [ LOG ] INIT File
[ 2019-08-31T18:09:55+08:00 ][ info ] [ CACHE ] INIT File
[ 2019-08-31T18:09:55+08:00 ][ info ] [ BEHAVIOR ] Run Closure @app_init [ RunTime:0.002497s ]
[ 2019-08-31T18:09:55+08:00 ][ info ] [ DB ] INIT mysql
[ 2019-08-31T18:09:55+08:00 ][ sql ] [ DB ] CONNECT:[ UseTime:0.001305s ] mysql:host=127.0.0.1;port=3306;dbname=oa_admin;charset=utf8
[ 2019-08-31T18:09:55+08:00 ][ sql ] [ SQL ] SHOW TABLE STATUS LIKE 'apply' [ RunTime:0.001269s ]
[ 2019-08-31T18:09:55+08:00 ][ sql ] [ SQL ] SHOW TABLE STATUS LIKE 'oa_apply' [ RunTime:0.001306s ]
[ 2019-08-31T18:09:55+08:00 ][ sql ] [ SQL ] SELECT * FROM `information_schema`.`columns` WHERE TABLE_SCHEMA = 'oa_admin' AND table_name = 'oa_apply' ORDER BY ORDINAL_POSITION [ RunTime:0.001773s ]
[ 2019-08-31T18:09:56+08:00 ][ info ] [ BEHAVIOR ] Run Closure @app_init [ RunTime:0.000124s ]
[ info ] [ LOG ] INIT File
[ 2019-08-31T18:09:56+08:00 ][ info ] [ CACHE ] INIT File
[ 2019-08-31T18:09:56+08:00 ][ info ] [ BEHAVIOR ] Run Closure @app_init [ RunTime:0.002720s ]
[ 2019-08-31T18:09:56+08:00 ][ info ] [ DB ] INIT mysql
[ 2019-08-31T18:09:56+08:00 ][ info ] [ LANG ] D:\www\phpstudy_pro\WWW\oa_admin\application\admin\lang/zh-cn.php
[ 2019-08-31T18:09:56+08:00 ][ sql ] [ DB ] CONNECT:[ UseTime:0.011690s ] mysql:host=127.0.0.1;port=3306;dbname=oa_admin;charset=utf8
[ 2019-08-31T18:09:56+08:00 ][ sql ] [ SQL ] SHOW COLUMNS FROM `oa_auth_rule` [ RunTime:0.001364s ]
[ 2019-08-31T18:09:56+08:00 ][ sql ] [ SQL ] SELECT * FROM `oa_auth_rule` WHERE  `name` = 'apply' LIMIT 1 [ RunTime:0.000372s ]
[ 2019-08-31T18:09:56+08:00 ][ sql ] [ SQL ] SELECT `id` FROM `oa_auth_rule` WHERE  `name` = 'apply/index' LIMIT 1 [ RunTime:0.000274s ]
[ 2019-08-31T18:09:56+08:00 ][ sql ] [ SQL ] SELECT `id` FROM `oa_auth_rule` WHERE  `name` = 'apply/add' LIMIT 1 [ RunTime:0.000252s ]
[ 2019-08-31T18:09:56+08:00 ][ sql ] [ SQL ] SELECT `id` FROM `oa_auth_rule` WHERE  `name` = 'apply/edit' LIMIT 1 [ RunTime:0.000249s ]
[ 2019-08-31T18:09:56+08:00 ][ sql ] [ SQL ] SELECT `id` FROM `oa_auth_rule` WHERE  `name` = 'apply/del' LIMIT 1 [ RunTime:0.000275s ]
[ 2019-08-31T18:09:56+08:00 ][ sql ] [ SQL ] SELECT `id` FROM `oa_auth_rule` WHERE  `name` = 'apply/multi' LIMIT 1 [ RunTime:0.000282s ]
[ 2019-08-31T18:09:56+08:00 ][ sql ] [ SQL ] UPDATE `oa_auth_rule`  SET `pid`=131,`name`='apply/index',`icon`='fa fa-circle-o',`title`='查看',`ismenu`=0,`status`='normal',`updatetime`=1567246196  WHERE  `id` = 132 [ RunTime:0.000503s ]
[ 2019-08-31T18:09:56+08:00 ][ sql ] [ SQL ] UPDATE `oa_auth_rule`  SET `pid`=131,`name`='apply/add',`icon`='fa fa-circle-o',`title`='添加',`ismenu`=0,`status`='normal',`updatetime`=1567246196  WHERE  `id` = 133 [ RunTime:0.000396s ]
[ 2019-08-31T18:09:56+08:00 ][ sql ] [ SQL ] UPDATE `oa_auth_rule`  SET `pid`=131,`name`='apply/edit',`icon`='fa fa-circle-o',`title`='编辑',`ismenu`=0,`status`='normal',`updatetime`=1567246196  WHERE  `id` = 134 [ RunTime:0.000330s ]
[ 2019-08-31T18:09:56+08:00 ][ sql ] [ SQL ] UPDATE `oa_auth_rule`  SET `pid`=131,`name`='apply/del',`icon`='fa fa-circle-o',`title`='删除',`ismenu`=0,`status`='normal',`updatetime`=1567246196  WHERE  `id` = 135 [ RunTime:0.000290s ]
[ 2019-08-31T18:09:56+08:00 ][ sql ] [ SQL ] UPDATE `oa_auth_rule`  SET `pid`=131,`name`='apply/multi',`icon`='fa fa-circle-o',`title`='批量更新',`ismenu`=0,`status`='normal',`updatetime`=1567246196  WHERE  `id` = 136 [ RunTime:0.000252s ]
